C:\USERS\EXCESSIVE\DOCUMENTS\VISUAL STUDIO 2010\PROJECTS\MARTINLANDER\DEBUG\MARTINLANDER.EXE
C:\USERS\EXCESSIVE\DOCUMENTS\VISUAL STUDIO 2010\PROJECTS\MARTINLANDER\DEBUG\MARTINLANDER.ILK
C:\USERS\EXCESSIVE\DOCUMENTS\VISUAL STUDIO 2010\PROJECTS\MARTINLANDER\DEBUG\MARTINLANDER.PDB
C:\USERS\EXCESSIVE\DOCUMENTS\VISUAL STUDIO 2010\PROJECTS\MARTINLANDER\MARTINLANDER\DEBUG\ASS3.OBJ
C:\Users\Excessive\documents\visual studio 2010\Projects\MartinLander\MartinLander\Debug\cl.command.1.tlog
C:\Users\Excessive\documents\visual studio 2010\Projects\MartinLander\MartinLander\Debug\CL.read.1.tlog
C:\Users\Excessive\documents\visual studio 2010\Projects\MartinLander\MartinLander\Debug\CL.write.1.tlog
C:\Users\Excessive\documents\visual studio 2010\Projects\MartinLander\MartinLander\Debug\link.1700.read.1.tlog
C:\Users\Excessive\documents\visual studio 2010\Projects\MartinLander\MartinLander\Debug\link.1700.write.1.tlog
C:\Users\Excessive\documents\visual studio 2010\Projects\MartinLander\MartinLander\Debug\link.1700-cvtres.read.1.tlog
C:\Users\Excessive\documents\visual studio 2010\Projects\MartinLander\MartinLander\Debug\link.1700-cvtres.write.1.tlog
C:\Users\Excessive\documents\visual studio 2010\Projects\MartinLander\MartinLander\Debug\link.2504.read.1.tlog
C:\Users\Excessive\documents\visual studio 2010\Projects\MartinLander\MartinLander\Debug\link.2504.write.1.tlog
C:\Users\Excessive\documents\visual studio 2010\Projects\MartinLander\MartinLander\Debug\link.2504-cvtres.read.1.tlog
C:\Users\Excessive\documents\visual studio 2010\Projects\MartinLander\MartinLander\Debug\link.2504-cvtres.write.1.tlog
C:\Users\Excessive\documents\visual studio 2010\Projects\MartinLander\MartinLander\Debug\link.4436.read.1.tlog
C:\Users\Excessive\documents\visual studio 2010\Projects\MartinLander\MartinLander\Debug\link.4436.write.1.tlog
C:\Users\Excessive\documents\visual studio 2010\Projects\MartinLander\MartinLander\Debug\link.4436-cvtres.read.1.tlog
C:\Users\Excessive\documents\visual studio 2010\Projects\MartinLander\MartinLander\Debug\link.4436-cvtres.write.1.tlog
C:\Users\Excessive\documents\visual studio 2010\Projects\MartinLander\MartinLander\Debug\link.5288.read.1.tlog
C:\Users\Excessive\documents\visual studio 2010\Projects\MartinLander\MartinLander\Debug\link.5288.write.1.tlog
C:\Users\Excessive\documents\visual studio 2010\Projects\MartinLander\MartinLander\Debug\link.5288-cvtres.read.1.tlog
C:\Users\Excessive\documents\visual studio 2010\Projects\MartinLander\MartinLander\Debug\link.5288-cvtres.write.1.tlog
C:\Users\Excessive\documents\visual studio 2010\Projects\MartinLander\MartinLander\Debug\link.5940.read.1.tlog
C:\Users\Excessive\documents\visual studio 2010\Projects\MartinLander\MartinLander\Debug\link.5940.write.1.tlog
C:\Users\Excessive\documents\visual studio 2010\Projects\MartinLander\MartinLander\Debug\link.5940-cvtres.read.1.tlog
C:\Users\Excessive\documents\visual studio 2010\Projects\MartinLander\MartinLander\Debug\link.5940-cvtres.write.1.tlog
C:\Users\Excessive\documents\visual studio 2010\Projects\MartinLander\MartinLander\Debug\link.6004.read.1.tlog
C:\Users\Excessive\documents\visual studio 2010\Projects\MartinLander\MartinLander\Debug\link.6004.write.1.tlog
C:\Users\Excessive\documents\visual studio 2010\Projects\MartinLander\MartinLander\Debug\link.6004-cvtres.read.1.tlog
C:\Users\Excessive\documents\visual studio 2010\Projects\MartinLander\MartinLander\Debug\link.6004-cvtres.write.1.tlog
C:\Users\Excessive\documents\visual studio 2010\Projects\MartinLander\MartinLander\Debug\link.6064.read.1.tlog
C:\Users\Excessive\documents\visual studio 2010\Projects\MartinLander\MartinLander\Debug\link.6064.write.1.tlog
C:\Users\Excessive\documents\visual studio 2010\Projects\MartinLander\MartinLander\Debug\link.6064-cvtres.read.1.tlog
C:\Users\Excessive\documents\visual studio 2010\Projects\MartinLander\MartinLander\Debug\link.6064-cvtres.write.1.tlog
C:\Users\Excessive\documents\visual studio 2010\Projects\MartinLander\MartinLander\Debug\link.6788.read.1.tlog
C:\Users\Excessive\documents\visual studio 2010\Projects\MartinLander\MartinLander\Debug\link.6788.write.1.tlog
C:\Users\Excessive\documents\visual studio 2010\Projects\MartinLander\MartinLander\Debug\link.6788-cvtres.read.1.tlog
C:\Users\Excessive\documents\visual studio 2010\Projects\MartinLander\MartinLander\Debug\link.6788-cvtres.write.1.tlog
C:\Users\Excessive\documents\visual studio 2010\Projects\MartinLander\MartinLander\Debug\link.7292.read.1.tlog
C:\Users\Excessive\documents\visual studio 2010\Projects\MartinLander\MartinLander\Debug\link.7292.write.1.tlog
C:\Users\Excessive\documents\visual studio 2010\Projects\MartinLander\MartinLander\Debug\link.7292-cvtres.read.1.tlog
C:\Users\Excessive\documents\visual studio 2010\Projects\MartinLander\MartinLander\Debug\link.7292-cvtres.write.1.tlog
C:\Users\Excessive\documents\visual studio 2010\Projects\MartinLander\MartinLander\Debug\link.command.1.tlog
C:\Users\Excessive\documents\visual studio 2010\Projects\MartinLander\MartinLander\Debug\link.read.1.tlog
C:\Users\Excessive\documents\visual studio 2010\Projects\MartinLander\MartinLander\Debug\link.write.1.tlog
C:\Users\Excessive\documents\visual studio 2010\Projects\MartinLander\MartinLander\Debug\link-cvtres.read.1.tlog
C:\Users\Excessive\documents\visual studio 2010\Projects\MartinLander\MartinLander\Debug\link-cvtres.write.1.tlog
C:\USERS\EXCESSIVE\DOCUMENTS\VISUAL STUDIO 2010\PROJECTS\MARTINLANDER\MARTINLANDER\DEBUG\MARTINLANDER.EXE.EMBED.MANIFEST
C:\USERS\EXCESSIVE\DOCUMENTS\VISUAL STUDIO 2010\PROJECTS\MARTINLANDER\MARTINLANDER\DEBUG\MARTINLANDER.EXE.EMBED.MANIFEST.RES
C:\USERS\EXCESSIVE\DOCUMENTS\VISUAL STUDIO 2010\PROJECTS\MARTINLANDER\MARTINLANDER\DEBUG\MARTINLANDER.EXE.INTERMEDIATE.MANIFEST
C:\Users\Excessive\documents\visual studio 2010\Projects\MartinLander\MartinLander\Debug\MartinLander_manifest.rc
C:\Users\Excessive\documents\visual studio 2010\Projects\MartinLander\MartinLander\Debug\mt.command.1.tlog
C:\Users\Excessive\documents\visual studio 2010\Projects\MartinLander\MartinLander\Debug\mt.read.1.tlog
C:\Users\Excessive\documents\visual studio 2010\Projects\MartinLander\MartinLander\Debug\mt.write.1.tlog
C:\Users\Excessive\documents\visual studio 2010\Projects\MartinLander\MartinLander\Debug\rc.command.1.tlog
C:\Users\Excessive\documents\visual studio 2010\Projects\MartinLander\MartinLander\Debug\rc.read.1.tlog
C:\Users\Excessive\documents\visual studio 2010\Projects\MartinLander\MartinLander\Debug\rc.write.1.tlog
C:\Users\Excessive\documents\visual studio 2010\Projects\MartinLander\MartinLander\Debug\vc100.idb
C:\USERS\EXCESSIVE\DOCUMENTS\VISUAL STUDIO 2010\PROJECTS\MARTINLANDER\MARTINLANDER\DEBUG\VC100.PDB
