Build started 4/19/2013 4:20:05 PM.
     1>Project "C:\Users\Excessive\documents\visual studio 2010\Projects\MartinLander\MartinLander\MartinLander.vcxproj" on node 2 (build target(s)).
     1>InitializeBuildStatus:
         Creating "Debug\MartinLander.unsuccessfulbuild" because "AlwaysCreate" was specified.
       ClCompile:
         c:\Program Files (x86)\Microsoft Visual Studio 10.0\VC\bin\CL.exe /c /I"C:\Program Files (x86)\Visual Leak Detector\include" /ZI /nologo /W3 /WX- /Od /Oy- /D WIN32 /D _DEBUG /D _CONSOLE /D _UNICODE /D UNICODE /Gm /EHsc /RTC1 /MDd /GS /fp:precise /Zc:wchar_t /Zc:forScope /Fo"Debug\\" /Fd"Debug\vc100.pdb" /Gd /TP /analyze- /errorReport:prompt ass3.cpp
         ass3.cpp
     1>c:\users\excessive\documents\visual studio 2010\projects\martinlander\martinlander\ass3.cpp(53): warning C4996: 'kbhit': The POSIX name for this item is deprecated. Instead, use the ISO C++ conformant name: _kbhit. See online help for details.
                 c:\program files (x86)\microsoft visual studio 10.0\vc\include\conio.h(130) : see declaration of 'kbhit'
     1>c:\users\excessive\documents\visual studio 2010\projects\martinlander\martinlander\ass3.cpp(54): warning C4996: 'getch': The POSIX name for this item is deprecated. Instead, use the ISO C++ conformant name: _getch. See online help for details.
                 c:\program files (x86)\microsoft visual studio 10.0\vc\include\conio.h(128) : see declaration of 'getch'
     1>c:\users\excessive\documents\visual studio 2010\projects\martinlander\martinlander\ass3.cpp(158): warning C4996: 'strcpy': This function or variable may be unsafe. Consider using strcpy_s instead. To disable deprecation, use _CRT_SECURE_NO_WARNINGS. See online help for details.
                 c:\program files (x86)\microsoft visual studio 10.0\vc\include\string.h(105) : see declaration of 'strcpy'
       ManifestResourceCompile:
         All outputs are up-to-date.
       Link:
         c:\Program Files (x86)\Microsoft Visual Studio 10.0\VC\bin\link.exe /ERRORREPORT:PROMPT /OUT:"C:\Users\Excessive\documents\visual studio 2010\Projects\MartinLander\Debug\MartinLander.exe" /INCREMENTAL /NOLOGO /LIBPATH:"C:\Program Files (x86)\Visual Leak Detector\lib\Win32" kernel32.lib user32.lib gdi32.lib winspool.lib comdlg32.lib advapi32.lib shell32.lib ole32.lib oleaut32.lib uuid.lib odbc32.lib odbccp32.lib /MANIFEST /ManifestFile:"Debug\MartinLander.exe.intermediate.manifest" /MANIFESTUAC:"level='asInvoker' uiAccess='false'" /DEBUG /PDB:"C:\Users\Excessive\documents\visual studio 2010\Projects\MartinLander\Debug\MartinLander.pdb" /SUBSYSTEM:CONSOLE /TLBID:1 /DYNAMICBASE /NXCOMPAT /IMPLIB:"C:\Users\Excessive\documents\visual studio 2010\Projects\MartinLander\Debug\MartinLander.lib" /MACHINE:X86 Debug\MartinLander.exe.embed.manifest.res
         Debug\ass3.obj
       Manifest:
         C:\Program Files (x86)\Microsoft SDKs\Windows\v7.0A\bin\mt.exe /nologo /verbose /out:"Debug\MartinLander.exe.embed.manifest" /manifest Debug\MartinLander.exe.intermediate.manifest
         All outputs are up-to-date.
       LinkEmbedManifest:
         All outputs are up-to-date.
         MartinLander.vcxproj -> C:\Users\Excessive\documents\visual studio 2010\Projects\MartinLander\Debug\MartinLander.exe
       FinalizeBuildStatus:
         Deleting file "Debug\MartinLander.unsuccessfulbuild".
         Touching "Debug\MartinLander.lastbuildstate".
     1>Done Building Project "C:\Users\Excessive\documents\visual studio 2010\Projects\MartinLander\MartinLander\MartinLander.vcxproj" (build target(s)).

Build succeeded.

Time Elapsed 00:00:00.58
